<?xml version="1.0" encoding="UTF-8"?>
<!-- Generated by org.testng.reporters.JUnitReportReporter -->
<testsuite hostname="ruthra-Vostro-3458" failures="0" tests="6" name="com.propertycapsule.selenium.testcases.PropertyCapsule_Homepage_test" time="99.283" errors="0" timestamp="2020-11-19T08:42:11 IST" skipped="0">
  <testcase classname="com.propertycapsule.selenium.testcases.PropertyCapsule_Homepage_test" name="verifytourbooksTabRedirection" time="19.274"/>
  <system-out/>
  <testcase classname="com.propertycapsule.selenium.testcases.PropertyCapsule_Homepage_test" name="verifymarketingAutomationTabRedirection" time="33.701"/>
  <system-out/>
  <testcase classname="com.propertycapsule.selenium.testcases.PropertyCapsule_Homepage_test" name="verifylogoIsVisible" time="6.465"/>
  <system-out/>
  <testcase classname="com.propertycapsule.selenium.testcases.PropertyCapsule_Homepage_test" name="verifydealMakerLoginRedirection" time="18.969"/>
  <system-out/>
  <testcase classname="com.propertycapsule.selenium.testcases.PropertyCapsule_Homepage_test" name="verifyenterpriseAdminLoginRedirection" time="7.449"/>
  <system-out/>
  <testcase classname="com.propertycapsule.selenium.testcases.PropertyCapsule_Homepage_test" name="verifymapMakerTabRedirection" time="13.425"/>
  <system-out/>
</testsuite> <!-- com.propertycapsule.selenium.testcases.PropertyCapsule_Homepage_test -->
