<?xml version="1.0" encoding="UTF-8"?>
<!-- Generated by org.testng.reporters.JUnitReportReporter -->
<testsuite hostname="ruthra-Vostro-3458" failures="0" tests="6" name="com.propertycapsule.selenium.testcases.PropertyCapsule_Homepage_test" time="19.947" errors="0" timestamp="2020-11-19T07:00:05 IST" skipped="5">
  <testcase classname="com.propertycapsule.selenium.testcases.PropertyCapsule_Homepage_test" name="verifytourbooksTabRedirection" time="19.947"/>
  <system-out/>
  <testcase classname="com.propertycapsule.selenium.testcases.PropertyCapsule_Homepage_test" name="verifymapMakerTabRedirection">
    <skipped/>
  </testcase> <!-- verifymapMakerTabRedirection -->
  <system-out/>
  <testcase classname="com.propertycapsule.selenium.testcases.PropertyCapsule_Homepage_test" name="verifyenterpriseAdminLoginRedirection">
    <skipped/>
  </testcase> <!-- verifyenterpriseAdminLoginRedirection -->
  <system-out/>
  <testcase classname="com.propertycapsule.selenium.testcases.PropertyCapsule_Homepage_test" name="verifydealMakerLoginRedirection">
    <skipped/>
  </testcase> <!-- verifydealMakerLoginRedirection -->
  <system-out/>
  <testcase classname="com.propertycapsule.selenium.testcases.PropertyCapsule_Homepage_test" name="verifymarketingAutomationTabRedirection">
    <skipped/>
  </testcase> <!-- verifymarketingAutomationTabRedirection -->
  <system-out/>
  <testcase classname="com.propertycapsule.selenium.testcases.PropertyCapsule_Homepage_test" name="verifylogoIsVisible">
    <skipped/>
  </testcase> <!-- verifylogoIsVisible -->
  <system-out/>
</testsuite> <!-- com.propertycapsule.selenium.testcases.PropertyCapsule_Homepage_test -->
